Wed Jun  3 18:13:34 UTC 2026
remote smoke reduced after n=96,n_iter=12 CPU-only run exceeded 2m on first cell
gamfit_version 0.1.151
gamfit_file /home/azuser/gam/gamfit/__init__.py
sae_signature (X: 'Any' = None, K: 'int | None' = None, d_atom: 'int' = 2, atom_topology: 'Any' = <object object at 0x7c868e2b6bb0>, assignment: 'str' = 'ibp', schedule: 'GumbelTemperatureSchedule | Mapping[str, Any] | None' = None, isometry_weight: 'float' = 1.0, ard_per_atom: 'bool' = True, decoder_feature_sparsity_groups: 'list[list[int]] | None' = None, n_iter: 'int' = 50, *, Z: 'Any' = None, sparsity_weight: 'float' = 1.0, gate_sparsity: 'str' = 'l1', scad_mcp_gamma: 'float | None' = None, smoothness_weight: 'float' = 1.0, alpha: 'float | str' = 1.0, learning_rate: 'float | None' = None, random_state: 'int' = 0, block_orthogonality_weight: 'float' = 0.0, nuclear_norm_weight: 'float' = 0.0, nuclear_norm_max_rank: 'int | None' = None, decoder_incoherence_weight: 'float' = 1.0, top_k: 'int | None' = None, t_init: 'Any' = None, a_init: 'Any' = None, **kwargs: 'Any') -> 'ManifoldSAE'

=== K1_circle_iso_off ===
kw {'d_atom': 1, 'atom_topology': 'circle', 'assignment': 'ibp', 'n_iter': 2, 'sparsity_weight': 0.01, 'smoothness_weight': 0.01, 'alpha': 'auto', 'learning_rate': 1.0, 'random_state': 0, 'ard_per_atom': False, 'K': 1, 'isometry_weight': 0.0}
[1s] [GPU] CUDA acceleration disabled: DriverError(CUDA_ERROR_NO_DEVICE, "no CUDA-capable device is detected")
[1s] [OUTER] SAE manifold: n_params=3, gradient=Unavailable, hessian=Unavailable -> solver=CompassSearch, hessian_source=BfgsApprox [solver=CompassSearch;hessian=BfgsApprox;matrix-free=false] [no Hessian: BFGS approximation]
[1s] [SAE-AUDIT] decoder atom 'atom_0' weighted design is rank-deficient (rank=2/3, 1 weakly-identified column(s), n=24); the Arrow-Schur ridge will regularise the deficient directions
[1s] [SAE-AUDIT] decoder atom 'atom_0' weighted design is rank-deficient (rank=1/3, 2 weakly-identified column(s), n=24); the Arrow-Schur ridge will regularise the deficient directions
[1s] [SAE-AUDIT] decoder atom 'atom_0' weighted design is rank-deficient (rank=1/3, 2 weakly-identified column(s), n=24); the Arrow-Schur ridge will regularise the deficient directions
[1s] [SAE-AUDIT] decoder atom 'atom_0' weighted design is rank-deficient (rank=1/3, 2 weakly-identified column(s), n=24); the Arrow-Schur ridge will regularise the deficient directions
[1s] [SAE-AUDIT] decoder atom 'atom_0' weighted design is rank-deficient (rank=1/3, 2 weakly-identified column(s), n=24); the Arrow-Schur ridge will regularise the deficient directions
[1s] [SAE-AUDIT] decoder atom 'atom_0' weighted design is rank-deficient (rank=1/3, 2 weakly-identified column(s), n=24); the Arrow-Schur ridge will regularise the deficient directions
[1s] [SAE-AUDIT] decoder atom 'atom_0' weighted design is rank-deficient (rank=1/3, 2 weakly-identified column(s), n=24); the Arrow-Schur ridge will regularise the deficient directions
[1s] [SAE-AUDIT] decoder atom 'atom_0' weighted design is rank-deficient (rank=1/3, 2 weakly-identified column(s), n=24); the Arrow-Schur ridge will regularise the deficient directions
[1s] [SAE-AUDIT] decoder atom 'atom_0' weighted design is rank-deficient (rank=1/3, 2 weakly-identified column(s), n=24); the Arrow-Schur ridge will regularise the deficient directions
[1s] [SAE-AUDIT] decoder atom 'atom_0' weighted design is rank-deficient (rank=1/3, 2 weakly-identified column(s), n=24); the Arrow-Schur ridge will regularise the deficient directions
[1s] [SAE-AUDIT] decoder atom 'atom_0' weighted design is rank-deficient (rank=1/3, 2 weakly-identified column(s), n=24); the Arrow-Schur ridge will regularise the deficient directions
[1s] [SAE-AUDIT] decoder atom 'atom_0' weighted design is rank-deficient (rank=1/3, 2 weakly-identified column(s), n=24); the Arrow-Schur ridge will regularise the deficient directions
[1s] [SAE-AUDIT] decoder atom 'atom_0' weighted design is rank-deficient (rank=1/3, 2 weakly-identified column(s), n=24); the Arrow-Schur ridge will regularise the deficient directions
[1s] [SAE-AUDIT] decoder atom 'atom_0' weighted design is rank-deficient (rank=1/3, 2 weakly-identified column(s), n=24); the Arrow-Schur ridge will regularise the deficient directions
[1s] [SAE-AUDIT] decoder atom 'atom_0' weighted design is rank-deficient (rank=1/3, 2 weakly-identified column(s), n=24); the Arrow-Schur ridge will regularise the deficient directions
[2s] [SAE-AUDIT] decoder atom 'atom_0' weighted design is rank-deficient (rank=1/3, 2 weakly-identified column(s), n=24); the Arrow-Schur ridge will regularise the deficient directions
[2s] [SAE-AUDIT] decoder atom 'atom_0' weighted design is rank-deficient (rank=2/3, 1 weakly-identified column(s), n=24); the Arrow-Schur ridge will regularise the deficient directions
[2s] [SAE-AUDIT] decoder atom 'atom_0' weighted design is rank-deficient (rank=1/3, 2 weakly-identified column(s), n=24); the Arrow-Schur ridge will regularise the deficient directions
[2s] [SAE-AUDIT] decoder atom 'atom_0' weighted design is rank-deficient (rank=1/3, 2 weakly-identified column(s), n=24); the Arrow-Schur ridge will regularise the deficient directions
[2s] [SAE-AUDIT] decoder atom 'atom_0' weighted design is rank-deficient (rank=1/3, 2 weakly-identified column(s), n=24); the Arrow-Schur ridge will regularise the deficient directions
[2s] [SAE-AUDIT] decoder atom 'atom_0' weighted design is rank-deficient (rank=1/3, 2 weakly-identified column(s), n=24); the Arrow-Schur ridge will regularise the deficient directions
[2s] [SAE-AUDIT] decoder atom 'atom_0' weighted design is rank-deficient (rank=2/3, 1 weakly-identified column(s), n=24); the Arrow-Schur ridge will regularise the deficient directions
[2s] [SAE-AUDIT] decoder atom 'atom_0' weighted design is rank-deficient (rank=1/3, 2 weakly-identified column(s), n=24); the Arrow-Schur ridge will regularise the deficient directions
[2s] [SAE-AUDIT] decoder atom 'atom_0' weighted design is rank-deficient (rank=1/3, 2 weakly-identified column(s), n=24); the Arrow-Schur ridge will regularise the deficient directions
[2s] [SAE-AUDIT] decoder atom 'atom_0' weighted design is rank-deficient (rank=1/3, 2 weakly-identified column(s), n=24); the Arrow-Schur ridge will regularise the deficient directions
[2s] [SAE-AUDIT] decoder atom 'atom_0' weighted design is rank-deficient (rank=1/3, 2 weakly-identified column(s), n=24); the Arrow-Schur ridge will regularise the deficient directions
[2s] [SAE-AUDIT] decoder atom 'atom_0' weighted design is rank-deficient (rank=1/3, 2 weakly-identified column(s), n=24); the Arrow-Schur ridge will regularise the deficient directions
[2s] [SAE-AUDIT] decoder atom 'atom_0' weighted design is rank-deficient (rank=1/3, 2 weakly-identified column(s), n=24); the Arrow-Schur ridge will regularise the deficient directions
[2s] [SAE-AUDIT] decoder atom 'atom_0' weighted design is rank-deficient (rank=2/3, 1 weakly-identified column(s), n=24); the Arrow-Schur ridge will regularise the deficient directions
[2s] [SAE-AUDIT] decoder atom 'atom_0' weighted design is rank-deficient (rank=1/3, 2 weakly-identified column(s), n=24); the Arrow-Schur ridge will regularise the deficient directions
[2s] [SAE-AUDIT] decoder atom 'atom_0' weighted design is rank-deficient (rank=1/3, 2 weakly-identified column(s), n=24); the Arrow-Schur ridge will regularise the deficient directions
[2s] [SAE-AUDIT] decoder atom 'atom_0' weighted design is rank-deficient (rank=1/3, 2 weakly-identified column(s), n=24); the Arrow-Schur ridge will regularise the deficient directions
[2s] [SAE-AUDIT] decoder atom 'atom_0' weighted design is rank-deficient (rank=1/3, 2 weakly-identified column(s), n=24); the Arrow-Schur ridge will regularise the deficient directions
[2s] [SAE-AUDIT] decoder atom 'atom_0' weighted design is rank-deficient (rank=1/3, 2 weakly-identified column(s), n=24); the Arrow-Schur ridge will regularise the deficient directions
[2s] [SAE-AUDIT] decoder atom 'atom_0' weighted design is rank-deficient (rank=1/3, 2 weakly-identified column(s), n=24); the Arrow-Schur ridge will regularise the deficient directions
[2s] [SAE-AUDIT] decoder atom 'atom_0' weighted design is rank-deficient (rank=1/3, 2 weakly-identified column(s), n=24); the Arrow-Schur ridge will regularise the deficient directions
[2s] [SAE-AUDIT] decoder atom 'atom_0' weighted design is rank-deficient (rank=1/3, 2 weakly-identified column(s), n=24); the Arrow-Schur ridge will regularise the deficient directions
[2s] [SAE-AUDIT] decoder atom 'atom_0' weighted design is rank-deficient (rank=1/3, 2 weakly-identified column(s), n=24); the Arrow-Schur ridge will regularise the deficient directions
[2s] [SAE-AUDIT] decoder atom 'atom_0' weighted design is rank-deficient (rank=1/3, 2 weakly-identified column(s), n=24); the Arrow-Schur ridge will regularise the deficient directions
[2s] [SAE-AUDIT] decoder atom 'atom_0' weighted design is rank-deficient (rank=2/3, 1 weakly-identified column(s), n=24); the Arrow-Schur ridge will regularise the deficient directions
[2s] [SAE-AUDIT] decoder atom 'atom_0' weighted design is rank-deficient (rank=1/3, 2 weakly-identified column(s), n=24); the Arrow-Schur ridge will regularise the deficient directions
[2s] [SAE-AUDIT] decoder atom 'atom_0' weighted design is rank-deficient (rank=2/3, 1 weakly-identified column(s), n=24); the Arrow-Schur ridge will regularise the deficient directions
[3s] [SAE-AUDIT] decoder atom 'atom_0' weighted design is rank-deficient (rank=1/3, 2 weakly-identified column(s), n=24); the Arrow-Schur ridge will regularise the deficient directions
[3s] [SAE-AUDIT] decoder atom 'atom_0' weighted design is rank-deficient (rank=1/3, 2 weakly-identified column(s), n=24); the Arrow-Schur ridge will regularise the deficient directions
[3s] [SAE-AUDIT] decoder atom 'atom_0' weighted design is rank-deficient (rank=1/3, 2 weakly-identified column(s), n=24); the Arrow-Schur ridge will regularise the deficient directions
[3s] [SAE-AUDIT] decoder atom 'atom_0' weighted design is rank-deficient (rank=1/3, 2 weakly-identified column(s), n=24); the Arrow-Schur ridge will regularise the deficient directions
[3s] [SAE-AUDIT] decoder atom 'atom_0' weighted design is rank-deficient (rank=2/3, 1 weakly-identified column(s), n=24); the Arrow-Schur ridge will regularise the deficient directions
[3s] [SAE-AUDIT] decoder atom 'atom_0' weighted design is rank-deficient (rank=1/3, 2 weakly-identified column(s), n=24); the Arrow-Schur ridge will regularise the deficient directions
[3s] [SAE-AUDIT] decoder atom 'atom_0' weighted design is rank-deficient (rank=1/3, 2 weakly-identified column(s), n=24); the Arrow-Schur ridge will regularise the deficient directions
[3s] [SAE-AUDIT] decoder atom 'atom_0' weighted design is rank-deficient (rank=1/3, 2 weakly-identified column(s), n=24); the Arrow-Schur ridge will regularise the deficient directions
[3s] [SAE-AUDIT] decoder atom 'atom_0' weighted design is rank-deficient (rank=1/3, 2 weakly-identified column(s), n=24); the Arrow-Schur ridge will regularise the deficient directions
[3s] [SAE-AUDIT] decoder atom 'atom_0' weighted design is rank-deficient (rank=1/3, 2 weakly-identified column(s), n=24); the Arrow-Schur ridge will regularise the deficient directions
[3s] [SAE-AUDIT] decoder atom 'atom_0' weighted design is rank-deficient (rank=1/3, 2 weakly-identified column(s), n=24); the Arrow-Schur ridge will regularise the deficient directions
[3s] [SAE-AUDIT] decoder atom 'atom_0' weighted design is rank-deficient (rank=1/3, 2 weakly-identified column(s), n=24); the Arrow-Schur ridge will regularise the deficient directions
[3s] [SAE-AUDIT] decoder atom 'atom_0' weighted design is rank-deficient (rank=1/3, 2 weakly-identified column(s), n=24); the Arrow-Schur ridge will regularise the deficient directions
[3s] [SAE-AUDIT] decoder atom 'atom_0' weighted design is rank-deficient (rank=1/3, 2 weakly-identified column(s), n=24); the Arrow-Schur ridge will regularise the deficient directions
[3s] [SAE-AUDIT] decoder atom 'atom_0' weighted design is rank-deficient (rank=1/3, 2 weakly-identified column(s), n=24); the Arrow-Schur ridge will regularise the deficient directions
[3s] [SAE-AUDIT] decoder atom 'atom_0' weighted design is rank-deficient (rank=1/3, 2 weakly-identified column(s), n=24); the Arrow-Schur ridge will regularise the deficient directions
[3s] [SAE-AUDIT] decoder atom 'atom_0' weighted design is rank-deficient (rank=1/3, 2 weakly-identified column(s), n=24); the Arrow-Schur ridge will regularise the deficient directions
[3s] [SAE-AUDIT] decoder atom 'atom_0' weighted design is rank-deficient (rank=1/3, 2 weakly-identified column(s), n=24); the Arrow-Schur ridge will regularise the deficient directions
[3s] [SAE-AUDIT] decoder atom 'atom_0' weighted design is rank-deficient (rank=1/3, 2 weakly-identified column(s), n=24); the Arrow-Schur ridge will regularise the deficient directions
[3s] [SAE-AUDIT] decoder atom 'atom_0' weighted design is rank-deficient (rank=2/3, 1 weakly-identified column(s), n=24); the Arrow-Schur ridge will regularise the deficient directions
[3s] [SAE-AUDIT] decoder atom 'atom_0' weighted design is rank-deficient (rank=1/3, 2 weakly-identified column(s), n=24); the Arrow-Schur ridge will regularise the deficient directions
[3s] [SAE-AUDIT] decoder atom 'atom_0' weighted design is rank-deficient (rank=1/3, 2 weakly-identified column(s), n=24); the Arrow-Schur ridge will regularise the deficient directions
[3s] [SAE-AUDIT] decoder atom 'atom_0' weighted design is rank-deficient (rank=1/3, 2 weakly-identified column(s), n=24); the Arrow-Schur ridge will regularise the deficient directions
[3s] [SAE-AUDIT] decoder atom 'atom_0' weighted design is rank-deficient (rank=1/3, 2 weakly-identified column(s), n=24); the Arrow-Schur ridge will regularise the deficient directions
[3s] [SAE-AUDIT] decoder atom 'atom_0' weighted design is rank-deficient (rank=1/3, 2 weakly-identified column(s), n=24); the Arrow-Schur ridge will regularise the deficient directions
[3s] [SAE-AUDIT] decoder atom 'atom_0' weighted design is rank-deficient (rank=1/3, 2 weakly-identified column(s), n=24); the Arrow-Schur ridge will regularise the deficient directions
[3s] [SAE-AUDIT] decoder atom 'atom_0' weighted design is rank-deficient (rank=1/3, 2 weakly-identified column(s), n=24); the Arrow-Schur ridge will regularise the deficient directions
[3s] [SAE-AUDIT] decoder atom 'atom_0' weighted design is rank-deficient (rank=1/3, 2 weakly-identified column(s), n=24); the Arrow-Schur ridge will regularise the deficient directions
[3s] [SAE-AUDIT] decoder atom 'atom_0' weighted design is rank-deficient (rank=2/3, 1 weakly-identified column(s), n=24); the Arrow-Schur ridge will regularise the deficient directions
[4s] [SAE-AUDIT] decoder atom 'atom_0' weighted design is rank-deficient (rank=1/3, 2 weakly-identified column(s), n=24); the Arrow-Schur ridge will regularise the deficient directions
[4s] [SAE-AUDIT] decoder atom 'atom_0' weighted design is rank-deficient (rank=1/3, 2 weakly-identified column(s), n=24); the Arrow-Schur ridge will regularise the deficient directions
[4s] [SAE-AUDIT] decoder atom 'atom_0' weighted design is rank-deficient (rank=2/3, 1 weakly-identified column(s), n=24); the Arrow-Schur ridge will regularise the deficient directions
[4s] [SAE-AUDIT] decoder atom 'atom_0' weighted design is rank-deficient (rank=1/3, 2 weakly-identified column(s), n=24); the Arrow-Schur ridge will regularise the deficient directions
[4s] [SAE-AUDIT] decoder atom 'atom_0' weighted design is rank-deficient (rank=2/3, 1 weakly-identified column(s), n=24); the Arrow-Schur ridge will regularise the deficient directions
[4s] [SAE-AUDIT] decoder atom 'atom_0' weighted design is rank-deficient (rank=2/3, 1 weakly-identified column(s), n=24); the Arrow-Schur ridge will regularise the deficient directions
[4s] [SAE-AUDIT] decoder atom 'atom_0' weighted design is rank-deficient (rank=1/3, 2 weakly-identified column(s), n=24); the Arrow-Schur ridge will regularise the deficient directions
[4s] [SAE-AUDIT] decoder atom 'atom_0' weighted design is rank-deficient (rank=2/3, 1 weakly-identified column(s), n=24); the Arrow-Schur ridge will regularise the deficient directions
[4s] [SAE-AUDIT] decoder atom 'atom_0' weighted design is rank-deficient (rank=1/3, 2 weakly-identified column(s), n=24); the Arrow-Schur ridge will regularise the deficient directions
[4s] [SAE-AUDIT] decoder atom 'atom_0' weighted design is rank-deficient (rank=2/3, 1 weakly-identified column(s), n=24); the Arrow-Schur ridge will regularise the deficient directions
[4s] [SAE-AUDIT] decoder atom 'atom_0' weighted design is rank-deficient (rank=1/3, 2 weakly-identified column(s), n=24); the Arrow-Schur ridge will regularise the deficient directions
[4s] [SAE-AUDIT] decoder atom 'atom_0' weighted design is rank-deficient (rank=1/3, 2 weakly-identified column(s), n=24); the Arrow-Schur ridge will regularise the deficient directions
[4s] [SAE-AUDIT] decoder atom 'atom_0' weighted design is rank-deficient (rank=2/3, 1 weakly-identified column(s), n=24); the Arrow-Schur ridge will regularise the deficient directions
[4s] [SAE-AUDIT] decoder atom 'atom_0' weighted design is rank-deficient (rank=1/3, 2 weakly-identified column(s), n=24); the Arrow-Schur ridge will regularise the deficient directions
[4s] [SAE-AUDIT] decoder atom 'atom_0' weighted design is rank-deficient (rank=1/3, 2 weakly-identified column(s), n=24); the Arrow-Schur ridge will regularise the deficient directions
[4s] [SAE-AUDIT] decoder atom 'atom_0' weighted design is rank-deficient (rank=1/3, 2 weakly-identified column(s), n=24); the Arrow-Schur ridge will regularise the deficient directions
[4s] [SAE-AUDIT] decoder atom 'atom_0' weighted design is rank-deficient (rank=2/3, 1 weakly-identified column(s), n=24); the Arrow-Schur ridge will regularise the deficient directions
[4s] [SAE-AUDIT] decoder atom 'atom_0' weighted design is rank-deficient (rank=1/3, 2 weakly-identified column(s), n=24); the Arrow-Schur ridge will regularise the deficient directions
[4s] [SAE-AUDIT] decoder atom 'atom_0' weighted design is rank-deficient (rank=1/3, 2 weakly-identified column(s), n=24); the Arrow-Schur ridge will regularise the deficient directions
[4s] [SAE-AUDIT] decoder atom 'atom_0' weighted design is rank-deficient (rank=1/3, 2 weakly-identified column(s), n=24); the Arrow-Schur ridge will regularise the deficient directions
[4s] [SAE-AUDIT] decoder atom 'atom_0' weighted design is rank-deficient (rank=1/3, 2 weakly-identified column(s), n=24); the Arrow-Schur ridge will regularise the deficient directions
[4s] [SAE-AUDIT] decoder atom 'atom_0' weighted design is rank-deficient (rank=1/3, 2 weakly-identified column(s), n=24); the Arrow-Schur ridge will regularise the deficient directions
[4s] [SAE-AUDIT] decoder atom 'atom_0' weighted design is rank-deficient (rank=1/3, 2 weakly-identified column(s), n=24); the Arrow-Schur ridge will regularise the deficient directions
[4s] [SAE-AUDIT] decoder atom 'atom_0' weighted design is rank-deficient (rank=1/3, 2 weakly-identified column(s), n=24); the Arrow-Schur ridge will regularise the deficient directions
[4s] [SAE-AUDIT] decoder atom 'atom_0' weighted design is rank-deficient (rank=1/3, 2 weakly-identified column(s), n=24); the Arrow-Schur ridge will regularise the deficient directions
[4s] [SAE-AUDIT] decoder atom 'atom_0' weighted design is rank-deficient (rank=1/3, 2 weakly-identified column(s), n=24); the Arrow-Schur ridge will regularise the deficient directions
[4s] [SAE-AUDIT] decoder atom 'atom_0' weighted design is rank-deficient (rank=1/3, 2 weakly-identified column(s), n=24); the Arrow-Schur ridge will regularise the deficient directions
[4s] [SAE-AUDIT] decoder atom 'atom_0' weighted design is rank-deficient (rank=1/3, 2 weakly-identified column(s), n=24); the Arrow-Schur ridge will regularise the deficient directions
[4s] [SAE-AUDIT] decoder atom 'atom_0' weighted design is rank-deficient (rank=1/3, 2 weakly-identified column(s), n=24); the Arrow-Schur ridge will regularise the deficient directions
[5s] [SAE-AUDIT] decoder atom 'atom_0' weighted design is rank-deficient (rank=1/3, 2 weakly-identified column(s), n=24); the Arrow-Schur ridge will regularise the deficient directions
[5s] [SAE-AUDIT] decoder atom 'atom_0' weighted design is rank-deficient (rank=1/3, 2 weakly-identified column(s), n=24); the Arrow-Schur ridge will regularise the deficient directions
[5s] [SAE-AUDIT] decoder atom 'atom_0' weighted design is rank-deficient (rank=1/3, 2 weakly-identified column(s), n=24); the Arrow-Schur ridge will regularise the deficient directions
[5s] [SAE-AUDIT] decoder atom 'atom_0' weighted design is rank-deficient (rank=1/3, 2 weakly-identified column(s), n=24); the Arrow-Schur ridge will regularise the deficient directions
[5s] [SAE-AUDIT] decoder atom 'atom_0' weighted design is rank-deficient (rank=1/3, 2 weakly-identified column(s), n=24); the Arrow-Schur ridge will regularise the deficient directions
[5s] [SAE-AUDIT] decoder atom 'atom_0' weighted design is rank-deficient (rank=1/3, 2 weakly-identified column(s), n=24); the Arrow-Schur ridge will regularise the deficient directions
[5s] [SAE-AUDIT] decoder atom 'atom_0' weighted design is rank-deficient (rank=1/3, 2 weakly-identified column(s), n=24); the Arrow-Schur ridge will regularise the deficient directions
[5s] [SAE-AUDIT] decoder atom 'atom_0' weighted design is rank-deficient (rank=1/3, 2 weakly-identified column(s), n=24); the Arrow-Schur ridge will regularise the deficient directions
[5s] [SAE-AUDIT] decoder atom 'atom_0' weighted design is rank-deficient (rank=1/3, 2 weakly-identified column(s), n=24); the Arrow-Schur ridge will regularise the deficient directions
[5s] [SAE-AUDIT] decoder atom 'atom_0' weighted design is rank-deficient (rank=1/3, 2 weakly-identified column(s), n=24); the Arrow-Schur ridge will regularise the deficient directions
[5s] [SAE-AUDIT] decoder atom 'atom_0' weighted design is rank-deficient (rank=1/3, 2 weakly-identified column(s), n=24); the Arrow-Schur ridge will regularise the deficient directions
[5s] [SAE-AUDIT] decoder atom 'atom_0' weighted design is rank-deficient (rank=1/3, 2 weakly-identified column(s), n=24); the Arrow-Schur ridge will regularise the deficient directions
[5s] [SAE-AUDIT] decoder atom 'atom_0' weighted design is rank-deficient (rank=1/3, 2 weakly-identified column(s), n=24); the Arrow-Schur ridge will regularise the deficient directions
[5s] [SAE-AUDIT] decoder atom 'atom_0' weighted design is rank-deficient (rank=1/3, 2 weakly-identified column(s), n=24); the Arrow-Schur ridge will regularise the deficient directions
[5s] [SAE-AUDIT] decoder atom 'atom_0' weighted design is rank-deficient (rank=1/3, 2 weakly-identified column(s), n=24); the Arrow-Schur ridge will regularise the deficient directions
[5s] [SAE-AUDIT] decoder atom 'atom_0' weighted design is rank-deficient (rank=1/3, 2 weakly-identified column(s), n=24); the Arrow-Schur ridge will regularise the deficient directions
[5s] [SAE-AUDIT] decoder atom 'atom_0' weighted design is rank-deficient (rank=1/3, 2 weakly-identified column(s), n=24); the Arrow-Schur ridge will regularise the deficient directions
[5s] [SAE-AUDIT] decoder atom 'atom_0' weighted design is rank-deficient (rank=1/3, 2 weakly-identified column(s), n=24); the Arrow-Schur ridge will regularise the deficient directions
[5s] [SAE-AUDIT] decoder atom 'atom_0' weighted design is rank-deficient (rank=1/3, 2 weakly-identified column(s), n=24); the Arrow-Schur ridge will regularise the deficient directions
[5s] [SAE-AUDIT] decoder atom 'atom_0' weighted design is rank-deficient (rank=1/3, 2 weakly-identified column(s), n=24); the Arrow-Schur ridge will regularise the deficient directions
[5s] [SAE-AUDIT] decoder atom 'atom_0' weighted design is rank-deficient (rank=1/3, 2 weakly-identified column(s), n=24); the Arrow-Schur ridge will regularise the deficient directions
[5s] [SAE-AUDIT] decoder atom 'atom_0' weighted design is rank-deficient (rank=1/3, 2 weakly-identified column(s), n=24); the Arrow-Schur ridge will regularise the deficient directions
[5s] [SAE-AUDIT] decoder atom 'atom_0' weighted design is rank-deficient (rank=1/3, 2 weakly-identified column(s), n=24); the Arrow-Schur ridge will regularise the deficient directions
[5s] [SAE-AUDIT] decoder atom 'atom_0' weighted design is rank-deficient (rank=1/3, 2 weakly-identified column(s), n=24); the Arrow-Schur ridge will regularise the deficient directions
[5s] [SAE-AUDIT] decoder atom 'atom_0' weighted design is rank-deficient (rank=1/3, 2 weakly-identified column(s), n=24); the Arrow-Schur ridge will regularise the deficient directions
[5s] [SAE-AUDIT] decoder atom 'atom_0' weighted design is rank-deficient (rank=1/3, 2 weakly-identified column(s), n=24); the Arrow-Schur ridge will regularise the deficient directions
[5s] [SAE-AUDIT] decoder atom 'atom_0' weighted design is rank-deficient (rank=1/3, 2 weakly-identified column(s), n=24); the Arrow-Schur ridge will regularise the deficient directions
[5s] [SAE-AUDIT] decoder atom 'atom_0' weighted design is rank-deficient (rank=1/3, 2 weakly-identified column(s), n=24); the Arrow-Schur ridge will regularise the deficient directions
[5s] [SAE-AUDIT] decoder atom 'atom_0' weighted design is rank-deficient (rank=1/3, 2 weakly-identified column(s), n=24); the Arrow-Schur ridge will regularise the deficient directions
[6s] [SAE-AUDIT] decoder atom 'atom_0' weighted design is rank-deficient (rank=1/3, 2 weakly-identified column(s), n=24); the Arrow-Schur ridge will regularise the deficient directions
[6s] [SAE-AUDIT] decoder atom 'atom_0' weighted design is rank-deficient (rank=1/3, 2 weakly-identified column(s), n=24); the Arrow-Schur ridge will regularise the deficient directions
[6s] [SAE-AUDIT] decoder atom 'atom_0' weighted design is rank-deficient (rank=1/3, 2 weakly-identified column(s), n=24); the Arrow-Schur ridge will regularise the deficient directions
[6s] [SAE-AUDIT] decoder atom 'atom_0' weighted design is rank-deficient (rank=1/3, 2 weakly-identified column(s), n=24); the Arrow-Schur ridge will regularise the deficient directions
[6s] [SAE-AUDIT] decoder atom 'atom_0' weighted design is rank-deficient (rank=1/3, 2 weakly-identified column(s), n=24); the Arrow-Schur ridge will regularise the deficient directions
[6s] [SAE-AUDIT] decoder atom 'atom_0' weighted design is rank-deficient (rank=1/3, 2 weakly-identified column(s), n=24); the Arrow-Schur ridge will regularise the deficient directions
[6s] [SAE-AUDIT] decoder atom 'atom_0' weighted design is rank-deficient (rank=1/3, 2 weakly-identified column(s), n=24); the Arrow-Schur ridge will regularise the deficient directions
[6s] [SAE-AUDIT] decoder atom 'atom_0' weighted design is rank-deficient (rank=1/3, 2 weakly-identified column(s), n=24); the Arrow-Schur ridge will regularise the deficient directions
[6s] [SAE-AUDIT] decoder atom 'atom_0' weighted design is rank-deficient (rank=1/3, 2 weakly-identified column(s), n=24); the Arrow-Schur ridge will regularise the deficient directions
[6s] [SAE-AUDIT] decoder atom 'atom_0' weighted design is rank-deficient (rank=1/3, 2 weakly-identified column(s), n=24); the Arrow-Schur ridge will regularise the deficient directions
[6s] [SAE-AUDIT] decoder atom 'atom_0' weighted design is rank-deficient (rank=1/3, 2 weakly-identified column(s), n=24); the Arrow-Schur ridge will regularise the deficient directions
[6s] [SAE-AUDIT] decoder atom 'atom_0' weighted design is rank-deficient (rank=1/3, 2 weakly-identified column(s), n=24); the Arrow-Schur ridge will regularise the deficient directions
[6s] [SAE-AUDIT] decoder atom 'atom_0' weighted design is rank-deficient (rank=1/3, 2 weakly-identified column(s), n=24); the Arrow-Schur ridge will regularise the deficient directions
[6s] [SAE-AUDIT] decoder atom 'atom_0' weighted design is rank-deficient (rank=1/3, 2 weakly-identified column(s), n=24); the Arrow-Schur ridge will regularise the deficient directions
[6s] [SAE-AUDIT] decoder atom 'atom_0' weighted design is rank-deficient (rank=1/3, 2 weakly-identified column(s), n=24); the Arrow-Schur ridge will regularise the deficient directions
[6s] [SAE-AUDIT] decoder atom 'atom_0' weighted design is rank-deficient (rank=1/3, 2 weakly-identified column(s), n=24); the Arrow-Schur ridge will regularise the deficient directions
[6s] [SAE-AUDIT] decoder atom 'atom_0' weighted design is rank-deficient (rank=1/3, 2 weakly-identified column(s), n=24); the Arrow-Schur ridge will regularise the deficient directions
[6s] [SAE-AUDIT] decoder atom 'atom_0' weighted design is rank-deficient (rank=1/3, 2 weakly-identified column(s), n=24); the Arrow-Schur ridge will regularise the deficient directions
[6s] [SAE-AUDIT] decoder atom 'atom_0' weighted design is rank-deficient (rank=1/3, 2 weakly-identified column(s), n=24); the Arrow-Schur ridge will regularise the deficient directions
[6s] [SAE-AUDIT] decoder atom 'atom_0' weighted design is rank-deficient (rank=1/3, 2 weakly-identified column(s), n=24); the Arrow-Schur ridge will regularise the deficient directions
[6s] [SAE-AUDIT] decoder atom 'atom_0' weighted design is rank-deficient (rank=1/3, 2 weakly-identified column(s), n=24); the Arrow-Schur ridge will regularise the deficient directions
[6s] [SAE-AUDIT] decoder atom 'atom_0' weighted design is rank-deficient (rank=1/3, 2 weakly-identified column(s), n=24); the Arrow-Schur ridge will regularise the deficient directions
[6s] [SAE-AUDIT] decoder atom 'atom_0' weighted design is rank-deficient (rank=1/3, 2 weakly-identified column(s), n=24); the Arrow-Schur ridge will regularise the deficient directions
[6s] [SAE-AUDIT] decoder atom 'atom_0' weighted design is rank-deficient (rank=1/3, 2 weakly-identified column(s), n=24); the Arrow-Schur ridge will regularise the deficient directions
[6s] [SAE-AUDIT] decoder atom 'atom_0' weighted design is rank-deficient (rank=1/3, 2 weakly-identified column(s), n=24); the Arrow-Schur ridge will regularise the deficient directions
[6s] [SAE-AUDIT] decoder atom 'atom_0' weighted design is rank-deficient (rank=1/3, 2 weakly-identified column(s), n=24); the Arrow-Schur ridge will regularise the deficient directions
[6s] [SAE-AUDIT] decoder atom 'atom_0' weighted design is rank-deficient (rank=1/3, 2 weakly-identified column(s), n=24); the Arrow-Schur ridge will regularise the deficient directions
[6s] [SAE-AUDIT] decoder atom 'atom_0' weighted design is rank-deficient (rank=1/3, 2 weakly-identified column(s), n=24); the Arrow-Schur ridge will regularise the deficient directions
[6s] [SAE-AUDIT] decoder atom 'atom_0' weighted design is rank-deficient (rank=1/3, 2 weakly-identified column(s), n=24); the Arrow-Schur ridge will regularise the deficient directions
[6s] [SAE-AUDIT] decoder atom 'atom_0' weighted design is rank-deficient (rank=1/3, 2 weakly-identified column(s), n=24); the Arrow-Schur ridge will regularise the deficient directions
[7s] [SAE-AUDIT] decoder atom 'atom_0' weighted design is rank-deficient (rank=1/3, 2 weakly-identified column(s), n=24); the Arrow-Schur ridge will regularise the deficient directions
[7s] [SAE-AUDIT] decoder atom 'atom_0' weighted design is rank-deficient (rank=1/3, 2 weakly-identified column(s), n=24); the Arrow-Schur ridge will regularise the deficient directions
[7s] [SAE-AUDIT] decoder atom 'atom_0' weighted design is rank-deficient (rank=1/3, 2 weakly-identified column(s), n=24); the Arrow-Schur ridge will regularise the deficient directions
[7s] [SAE-AUDIT] decoder atom 'atom_0' weighted design is rank-deficient (rank=1/3, 2 weakly-identified column(s), n=24); the Arrow-Schur ridge will regularise the deficient directions
[7s] [SAE-AUDIT] decoder atom 'atom_0' weighted design is rank-deficient (rank=1/3, 2 weakly-identified column(s), n=24); the Arrow-Schur ridge will regularise the deficient directions
[7s] [SAE-AUDIT] decoder atom 'atom_0' weighted design is rank-deficient (rank=1/3, 2 weakly-identified column(s), n=24); the Arrow-Schur ridge will regularise the deficient directions
[7s] [SAE-AUDIT] decoder atom 'atom_0' weighted design is rank-deficient (rank=1/3, 2 weakly-identified column(s), n=24); the Arrow-Schur ridge will regularise the deficient directions
[7s] [SAE-AUDIT] decoder atom 'atom_0' weighted design is rank-deficient (rank=1/3, 2 weakly-identified column(s), n=24); the Arrow-Schur ridge will regularise the deficient directions
[7s] [SAE-AUDIT] decoder atom 'atom_0' weighted design is rank-deficient (rank=1/3, 2 weakly-identified column(s), n=24); the Arrow-Schur ridge will regularise the deficient directions
[7s] [SAE-AUDIT] decoder atom 'atom_0' weighted design is rank-deficient (rank=1/3, 2 weakly-identified column(s), n=24); the Arrow-Schur ridge will regularise the deficient directions
[7s] [SAE-AUDIT] decoder atom 'atom_0' weighted design is rank-deficient (rank=1/3, 2 weakly-identified column(s), n=24); the Arrow-Schur ridge will regularise the deficient directions
[7s] [SAE-AUDIT] decoder atom 'atom_0' weighted design is rank-deficient (rank=1/3, 2 weakly-identified column(s), n=24); the Arrow-Schur ridge will regularise the deficient directions
[7s] [SAE-AUDIT] decoder atom 'atom_0' weighted design is rank-deficient (rank=1/3, 2 weakly-identified column(s), n=24); the Arrow-Schur ridge will regularise the deficient directions
[7s] [SAE-AUDIT] decoder atom 'atom_0' weighted design is rank-deficient (rank=1/3, 2 weakly-identified column(s), n=24); the Arrow-Schur ridge will regularise the deficient directions
[7s] [SAE-AUDIT] decoder atom 'atom_0' weighted design is rank-deficient (rank=1/3, 2 weakly-identified column(s), n=24); the Arrow-Schur ridge will regularise the deficient directions
[7s] [SAE-AUDIT] decoder atom 'atom_0' weighted design is rank-deficient (rank=1/3, 2 weakly-identified column(s), n=24); the Arrow-Schur ridge will regularise the deficient directions
[7s] [SAE-AUDIT] decoder atom 'atom_0' weighted design is rank-deficient (rank=1/3, 2 weakly-identified column(s), n=24); the Arrow-Schur ridge will regularise the deficient directions
[7s] [SAE-AUDIT] decoder atom 'atom_0' weighted design is rank-deficient (rank=1/3, 2 weakly-identified column(s), n=24); the Arrow-Schur ridge will regularise the deficient directions
[7s] [SAE-AUDIT] decoder atom 'atom_0' weighted design is rank-deficient (rank=1/3, 2 weakly-identified column(s), n=24); the Arrow-Schur ridge will regularise the deficient directions
[7s] [SAE-AUDIT] decoder atom 'atom_0' weighted design is rank-deficient (rank=1/3, 2 weakly-identified column(s), n=24); the Arrow-Schur ridge will regularise the deficient directions
[7s] [SAE-AUDIT] decoder atom 'atom_0' weighted design is rank-deficient (rank=1/3, 2 weakly-identified column(s), n=24); the Arrow-Schur ridge will regularise the deficient directions
[7s] [SAE-AUDIT] decoder atom 'atom_0' weighted design is rank-deficient (rank=1/3, 2 weakly-identified column(s), n=24); the Arrow-Schur ridge will regularise the deficient directions
[7s] [SAE-AUDIT] decoder atom 'atom_0' weighted design is rank-deficient (rank=1/3, 2 weakly-identified column(s), n=24); the Arrow-Schur ridge will regularise the deficient directions
[7s] [SAE-AUDIT] decoder atom 'atom_0' weighted design is rank-deficient (rank=1/3, 2 weakly-identified column(s), n=24); the Arrow-Schur ridge will regularise the deficient directions
[7s] [SAE-AUDIT] decoder atom 'atom_0' weighted design is rank-deficient (rank=2/3, 1 weakly-identified column(s), n=24); the Arrow-Schur ridge will regularise the deficient directions
[7s] [SAE-AUDIT] decoder atom 'atom_0' weighted design is rank-deficient (rank=2/3, 1 weakly-identified column(s), n=24); the Arrow-Schur ridge will regularise the deficient directions
[7s] [SAE-AUDIT] decoder atom 'atom_0' weighted design is rank-deficient (rank=1/3, 2 weakly-identified column(s), n=24); the Arrow-Schur ridge will regularise the deficient directions
[7s] [SAE-AUDIT] decoder atom 'atom_0' weighted design is rank-deficient (rank=1/3, 2 weakly-identified column(s), n=24); the Arrow-Schur ridge will regularise the deficient directions
[7s] [SAE-AUDIT] decoder atom 'atom_0' weighted design is rank-deficient (rank=1/3, 2 weakly-identified column(s), n=24); the Arrow-Schur ridge will regularise the deficient directions
[7s] [SAE-AUDIT] decoder atom 'atom_0' weighted design is rank-deficient (rank=1/3, 2 weakly-identified column(s), n=24); the Arrow-Schur ridge will regularise the deficient directions
[7s] [SAE-AUDIT] decoder atom 'atom_0' weighted design is rank-deficient (rank=2/3, 1 weakly-identified column(s), n=24); the Arrow-Schur ridge will regularise the deficient directions
[8s] [SAE-AUDIT] decoder atom 'atom_0' weighted design is rank-deficient (rank=1/3, 2 weakly-identified column(s), n=24); the Arrow-Schur ridge will regularise the deficient directions
[8s] [SAE-AUDIT] decoder atom 'atom_0' weighted design is rank-deficient (rank=1/3, 2 weakly-identified column(s), n=24); the Arrow-Schur ridge will regularise the deficient directions
[8s] [SAE-AUDIT] decoder atom 'atom_0' weighted design is rank-deficient (rank=1/3, 2 weakly-identified column(s), n=24); the Arrow-Schur ridge will regularise the deficient directions
[8s] [SAE-AUDIT] decoder atom 'atom_0' weighted design is rank-deficient (rank=1/3, 2 weakly-identified column(s), n=24); the Arrow-Schur ridge will regularise the deficient directions
[8s] [SAE-AUDIT] decoder atom 'atom_0' weighted design is rank-deficient (rank=1/3, 2 weakly-identified column(s), n=24); the Arrow-Schur ridge will regularise the deficient directions
[8s] [SAE-AUDIT] decoder atom 'atom_0' weighted design is rank-deficient (rank=1/3, 2 weakly-identified column(s), n=24); the Arrow-Schur ridge will regularise the deficient directions
[8s] [SAE-AUDIT] decoder atom 'atom_0' weighted design is rank-deficient (rank=1/3, 2 weakly-identified column(s), n=24); the Arrow-Schur ridge will regularise the deficient directions
[8s] [SAE-AUDIT] decoder atom 'atom_0' weighted design is rank-deficient (rank=1/3, 2 weakly-identified column(s), n=24); the Arrow-Schur ridge will regularise the deficient directions
[8s] [SAE-AUDIT] decoder atom 'atom_0' weighted design is rank-deficient (rank=2/3, 1 weakly-identified column(s), n=24); the Arrow-Schur ridge will regularise the deficient directions
[8s] [SAE-AUDIT] decoder atom 'atom_0' weighted design is rank-deficient (rank=1/3, 2 weakly-identified column(s), n=24); the Arrow-Schur ridge will regularise the deficient directions
[8s] [SAE-AUDIT] decoder atom 'atom_0' weighted design is rank-deficient (rank=1/3, 2 weakly-identified column(s), n=24); the Arrow-Schur ridge will regularise the deficient directions
[8s] [SAE-AUDIT] decoder atom 'atom_0' weighted design is rank-deficient (rank=1/3, 2 weakly-identified column(s), n=24); the Arrow-Schur ridge will regularise the deficient directions
[8s] [SAE-AUDIT] decoder atom 'atom_0' weighted design is rank-deficient (rank=1/3, 2 weakly-identified column(s), n=24); the Arrow-Schur ridge will regularise the deficient directions
[8s] [SAE-AUDIT] decoder atom 'atom_0' weighted design is rank-deficient (rank=2/3, 1 weakly-identified column(s), n=24); the Arrow-Schur ridge will regularise the deficient directions
[8s] [SAE-AUDIT] decoder atom 'atom_0' weighted design is rank-deficient (rank=1/3, 2 weakly-identified column(s), n=24); the Arrow-Schur ridge will regularise the deficient directions
[8s] [SAE-AUDIT] decoder atom 'atom_0' weighted design is rank-deficient (rank=1/3, 2 weakly-identified column(s), n=24); the Arrow-Schur ridge will regularise the deficient directions
[8s] [SAE-AUDIT] decoder atom 'atom_0' weighted design is rank-deficient (rank=1/3, 2 weakly-identified column(s), n=24); the Arrow-Schur ridge will regularise the deficient directions
[8s] [SAE-AUDIT] decoder atom 'atom_0' weighted design is rank-deficient (rank=1/3, 2 weakly-identified column(s), n=24); the Arrow-Schur ridge will regularise the deficient directions
[8s] [SAE-AUDIT] decoder atom 'atom_0' weighted design is rank-deficient (rank=1/3, 2 weakly-identified column(s), n=24); the Arrow-Schur ridge will regularise the deficient directions
[8s] [SAE-AUDIT] decoder atom 'atom_0' weighted design is rank-deficient (rank=1/3, 2 weakly-identified column(s), n=24); the Arrow-Schur ridge will regularise the deficient directions
[8s] [SAE-AUDIT] decoder atom 'atom_0' weighted design is rank-deficient (rank=1/3, 2 weakly-identified column(s), n=24); the Arrow-Schur ridge will regularise the deficient directions
[8s] [OUTER warning] SAE manifold: compass search exhausted max_polls=204 at best_cost=-1.691744e2
[8s] [OUTER] SAE manifold: stopping expensive multi-start after 1 non-converged CompassSearch seed(s)
[8s] [OUTER warning] SAE manifold: final outer attempt returned without convergence (plan=solver=CompassSearch, hessian_source=BfgsApprox, iterations=204, final_value=-1.691744e2, |g|=n/a)
[8s] [SAE-AUDIT] decoder atom 'atom_0' weighted design is rank-deficient (rank=1/3, 2 weakly-identified column(s), n=24); the Arrow-Schur ridge will regularise the deficient directions
STATUS OK
reconstruction_r2 0.34329779423914075
reml_score 12.991598577585453
atoms 1

=== K1_circle_iso_on ===
kw {'d_atom': 1, 'atom_topology': 'circle', 'assignment': 'ibp', 'n_iter': 2, 'sparsity_weight': 0.01, 'smoothness_weight': 0.01, 'alpha': 'auto', 'learning_rate': 1.0, 'random_state': 0, 'ard_per_atom': False, 'K': 1, 'isometry_weight': 0.1}
[8s] [OUTER] SAE manifold: n_params=3, gradient=Unavailable, hessian=Unavailable -> solver=CompassSearch, hessian_source=BfgsApprox [solver=CompassSearch;hessian=BfgsApprox;matrix-free=false] [no Hessian: BFGS approximation]
STATUS ERROR RemlConvergenceError REML smoothing optimization failed to converge: aux direct-search seed cost failed (SAE manifold): REML smoothing optimization failed to converge: SaeManifoldTerm::reml_criterion: arrow-Schur: Schur complement Cholesky failed: non-PD pivot -6.670243943651345 at index 3 (matrix is not positive definite)
Traceback (most recent call last):
  File "<stdin>", line 21, in <module>
  File "/home/azuser/gam/gamfit/_sae_manifold.py", line 1084, in sae_manifold_fit
    payload = rust_module().sae_manifold_fit_minimal(
              ^^^^^^^^^^^^^^^^^^^^^^^^^^^^^^^^^^^^^^^
_rust.RemlConvergenceError: REML smoothing optimization failed to converge: aux direct-search seed cost failed (SAE manifold): REML smoothing optimization failed to converge: SaeManifoldTerm::reml_criterion: arrow-Schur: Schur complement Cholesky failed: non-PD pivot -6.670243943651345 at index 3 (matrix is not positive definite)

=== K2_circle_iso_on ===
kw {'d_atom': 1, 'atom_topology': 'circle', 'assignment': 'ibp', 'n_iter': 2, 'sparsity_weight': 0.01, 'smoothness_weight': 0.01, 'alpha': 'auto', 'learning_rate': 1.0, 'random_state': 0, 'ard_per_atom': False, 'K': 2, 'isometry_weight': 0.1}
[8s] [OUTER] SAE manifold: n_params=4, gradient=Unavailable, hessian=Unavailable -> solver=CompassSearch, hessian_source=BfgsApprox [solver=CompassSearch;hessian=BfgsApprox;matrix-free=false] [no Hessian: BFGS approximation]
STATUS ERROR RemlConvergenceError REML smoothing optimization failed to converge: aux direct-search seed cost failed (SAE manifold): REML smoothing optimization failed to converge: SaeManifoldTerm::reml_criterion: arrow-Schur: per-row H_tt^(15) Cholesky failed: row 15 H_tt remained non-PD up to ridge 1.2155097276372178e0 (base ridge_t=0); last cholesky error: non-PD pivot -4.548369904054394 at index 1 (matrix is not positive definite)
Traceback (most recent call last):
  File "<stdin>", line 21, in <module>
  File "/home/azuser/gam/gamfit/_sae_manifold.py", line 1084, in sae_manifold_fit
    payload = rust_module().sae_manifold_fit_minimal(
              ^^^^^^^^^^^^^^^^^^^^^^^^^^^^^^^^^^^^^^^
_rust.RemlConvergenceError: REML smoothing optimization failed to converge: aux direct-search seed cost failed (SAE manifold): REML smoothing optimization failed to converge: SaeManifoldTerm::reml_criterion: arrow-Schur: per-row H_tt^(15) Cholesky failed: row 15 H_tt remained non-PD up to ridge 1.2155097276372178e0 (base ridge_t=0); last cholesky error: non-PD pivot -4.548369904054394 at index 1 (matrix is not positive definite)
